<?xml version="1.0" encoding="UTF-8"?>
<!-- Generated by org.testng.reporters.JUnitReportReporter -->
<testsuite hostname="hp-PC" failures="0" tests="1" name="Maven.MavenProj.SeleniumTest" time="0.029" errors="0" timestamp="2021-03-29T12:49:47 IST" skipped="0">
  <testcase classname="Maven.MavenProj.SeleniumTest" name="methodThree" time="0.029"/>
  <system-out/>
</testsuite> <!-- Maven.MavenProj.SeleniumTest -->
