<?xml version="1.0" encoding="UTF-8"?>
<!-- Generated by org.testng.reporters.JUnitReportReporter -->
<testsuite hostname="hp-PC" name="Maven.MavenProj.AppiumTest" tests="1" failures="0" timestamp="29 Mar 2021 12:26:40 GMT" time="0.001" errors="0">
  <testcase name="methodTwo" time="0.001" classname="Maven.MavenProj.AppiumTest"/>
</testsuite> <!-- Maven.MavenProj.AppiumTest -->
