<?xml version="1.0" encoding="UTF-8"?>
<!-- Generated by org.testng.reporters.JUnitReportReporter -->
<testsuite hostname="hp-PC" name="Maven.MavenProj.APITest" tests="1" failures="0" timestamp="29 Mar 2021 12:26:39 GMT" time="0.017" errors="0">
  <testcase name="methodOne" time="0.017" classname="Maven.MavenProj.APITest"/>
</testsuite> <!-- Maven.MavenProj.APITest -->
